"time"	"name"	"median"	"low.m"	"up.m"	"low"	"up"	"chemical"	"tissue"
0	"CVen"	0	0	0	0	0	"Perc"	"blood"
1	"CBldNAT"	0.01755435	0.009777225	0.03138105	0.00321663875	0.0867810075	"NAcTCVC"	"blood"
1	"CBldTCVC"	0.005796395	0.00307354	0.01065245	0.00087831765	0.03710018	"TCVC"	"blood"
1	"CBldTCVG"	0.00655891	0.0040429475	0.01024485	0.00162865025	0.022762315	"TCVG"	"blood"
1	"CKid"	90.8792	59.07225	135.61275	24.9938	281.80325	"Perc"	"kidney"
1	"CKidNAT"	0.01493805	0.0086963225	0.025750025	0.0031585715	0.0723879675	"NAcTCVC"	"kidney"
1	"CKidTCA"	21.77345	12.494375	38.612625	4.54815025	110.208925	"TCA"	"kidney"
1	"CKidTCVC"	0.03940705	0.023006	0.06514075	0.00812097075	0.178840675	"TCVC"	"kidney"
1	"CKidTCVG"	0.02027825	0.0119874	0.03402515	0.00443175275	0.0845441649999996	"TCVG"	"kidney"
1	"CLiv"	107.5235	67.44945	168.135	26.7212275	373.537449999999	"Perc"	"liver"
1	"CLivNAT"	0.04194125	0.023127175	0.0750043	0.00699069025	0.2113688	"NAcTCVC"	"liver"
1	"CLivTCA"	39.35415	23.76435	66.672275	9.0156	184.121475	"TCA"	"liver"
1	"CLivTCVC"	0.001435385	0.00059830825	0.0033646425	0.0001285791	0.01739668	"TCVC"	"liver"
1	"CLivTCVG"	0.0807687	0.047878075	0.133785	0.01717548	0.327876799999999	"TCVG"	"liver"
1	"CPlasTCA"	81.08185	52.28815	123.7965	23.05234	272.01255	"TCA"	"blood"
2	"CBldNAT"	0.0186694	0.010334	0.033685625	0.0032726435	0.0965767825	"NAcTCVC"	"blood"
2	"CBldTCVC"	0.004700365	0.0025240025	0.0085946425	0.000754672775	0.028720465	"TCVC"	"blood"
2	"CBldTCVG"	0.0051993	0.0033353525	0.007997615	0.00131117625	0.01713904	"TCVG"	"blood"
2	"CKid"	77.54305	51.556525	115.1025	21.892775	230.2091	"Perc"	"kidney"
2	"CKidNAT"	0.01564005	0.0090162125	0.02595275	0.0032099365	0.0667672025	"NAcTCVC"	"kidney"
2	"CKidTCA"	33.6715	20.080125	55.886375	7.5131265	140.00005	"TCA"	"kidney"
2	"CKidTCVC"	0.03210525	0.018994925	0.051592475	0.00680635125	0.130483275	"TCVC"	"kidney"
2	"CKidTCVG"	0.0164478	0.0097708375	0.026722725	0.00358093225	0.0654521325	"TCVG"	"kidney"
2	"CLiv"	90.6533	57.732325	141.95275	21.558075	302.4102	"Perc"	"liver"
2	"CLivNAT"	0.0455475	0.024331375	0.082882175	0.006860339	0.2531257	"NAcTCVC"	"liver"
2	"CLivTCA"	58.1513	36.008225	93.7292	14.36326	238.4576	"TCA"	"liver"
2	"CLivTCVC"	0.00114848	0.000492992	0.002641625	0.00010412125	0.0139031974999999	"TCVC"	"liver"
2	"CLivTCVG"	0.0645075	0.03918605	0.10648025	0.0140027975	0.260270675	"TCVG"	"liver"
2	"CPlasTCA"	113.7425	76.45555	167.205	35.1996525	346.055775	"TCA"	"blood"
3	"CBldNAT"	0.01635965	0.008814035	0.029943025	0.002647365	0.0890528125	"NAcTCVC"	"blood"
3	"CBldTCVC"	0.003939905	0.0021201275	0.0073660625	0.0006300893	0.023920245	"TCVC"	"blood"
3	"CBldTCVG"	0.00437697	0.0028450975	0.0067731625	0.00108545225	0.014883465	"TCVG"	"blood"
3	"CKid"	69.2272	45.704875	101.5065	19.517395	199.782875	"Perc"	"kidney"
3	"CKidNAT"	0.01369425	0.0077971475	0.0231317	0.002616434	0.0599002499999999	"NAcTCVC"	"kidney"
3	"CKidTCA"	42.6797	26.063625	68.740575	9.9114425	164.561225	"TCA"	"kidney"
3	"CKidTCVC"	0.0270536	0.01607675	0.043273325	0.0056372765	0.108708	"TCVC"	"kidney"
3	"CKidTCVG"	0.01399605	0.00832352	0.022520475	0.0029762735	0.05592867	"TCVG"	"kidney"
3	"CLiv"	79.5638	50.743875	123.3165	18.7858025	259.52685	"Perc"	"liver"
3	"CLivNAT"	0.03974215	0.0206381	0.073010475	0.00551757175	0.229743675	"NAcTCVC"	"liver"
3	"CLivTCA"	72.7972	45.21595	114.05025	18.5835275	269.8665	"TCA"	"liver"
3	"CLivTCVC"	0.0009537195	0.0004165745	0.002222025	8.6387555e-05	0.0119707775	"TCVC"	"liver"
3	"CLivTCVG"	0.05469775	0.03315675	0.09083125	0.0117300275	0.224521649999999	"TCVG"	"liver"
3	"CPlasTCA"	136.3855	94.2158	197.61075	44.3512325	399.73605	"TCA"	"blood"
4	"CBldNAT"	0.0142095	0.007603005	0.026290975	0.0021709585	0.0828546149999999	"NAcTCVC"	"blood"
4	"CBldTCVC"	0.00342561	0.00183686	0.0063612275	0.0005406382	0.0200840649999999	"TCVC"	"blood"
4	"CBldTCVG"	0.00382084	0.00245958	0.0059093725	0.0009132079	0.0127785075	"TCVG"	"blood"
4	"CKid"	61.48185	40.500975	89.65575	17.0679025	173.341375	"Perc"	"kidney"
4	"CKidNAT"	0.01180285	0.00680308	0.020059775	0.00219768625	0.05404962	"NAcTCVC"	"kidney"
4	"CKidTCA"	49.21155	30.506025	78.749275	11.9772825	181.46565	"TCA"	"kidney"
4	"CKidTCVC"	0.023577	0.014037675	0.03787585	0.004829232	0.0923717325	"TCVC"	"kidney"
4	"CKidTCVG"	0.0120899	0.0072481375	0.0195404	0.00256622975	0.047494945	"TCVG"	"kidney"
4	"CLiv"	69.80225	44.315825	108.1785	16.238115	221.7427	"Perc"	"liver"
4	"CLivNAT"	0.03473355	0.01766645	0.064148675	0.004643045	0.214062125	"NAcTCVC"	"liver"
4	"CLivTCA"	83.38055	52.555425	127.846	22.0636075	290.5915	"TCA"	"liver"
4	"CLivTCVC"	0.0008351855	0.0003583435	0.001943285	7.4306685e-05	0.01015329	"TCVC"	"liver"
4	"CLivTCVG"	0.04816375	0.02864945	0.079076825	0.00993515375	0.192453925	"TCVG"	"liver"
4	"CPlasTCA"	152.322	106.188	220.12025	51.036675	427.76485	"TCA"	"blood"
5	"CBldNAT"	0.01241555	0.006690855	0.022783	0.001836192	0.0744983849999999	"NAcTCVC"	"blood"
5	"CBldTCVC"	0.003004205	0.0016093775	0.0055357375	0.000458924275	0.0176404724999999	"TCVC"	"blood"
5	"CBldTCVG"	0.00334804	0.00215517	0.005124405	0.00079570495	0.0110732375	"TCVG"	"blood"
5	"CKid"	54.50015	35.9467	78.978875	14.810795	151.79935	"Perc"	"kidney"
5	"CKidNAT"	0.01032845	0.0059566875	0.01755645	0.00186503325	0.047803685	"NAcTCVC"	"kidney"
5	"CKidTCA"	53.90405	33.91855	85.33585	13.6128825	193.2933	"TCA"	"kidney"
5	"CKidTCVC"	0.02060485	0.012296825	0.033241725	0.00416615325	0.0797301124999999	"TCVC"	"kidney"
5	"CKidTCVG"	0.010536	0.0063286725	0.017193525	0.0021849385	0.04081293	"TCVG"	"kidney"
5	"CLiv"	61.63215	39.09575	94.47575	14.0271325	191.428925	"Perc"	"liver"
5	"CLivNAT"	0.03021095	0.015331275	0.05622755	0.00390325275	0.1993582	"NAcTCVC"	"liver"
5	"CLivTCA"	90.69975	58.1659	138.288	24.9676975	307.103875	"TCA"	"liver"
5	"CLivTCVC"	0.00072289	0.0003160415	0.0016836775	6.5011835e-05	0.008980653	"TCVC"	"liver"
5	"CLivTCVG"	0.04205555	0.02522905	0.0690479	0.00846814675	0.166708375	"TCVG"	"liver"
5	"CPlasTCA"	164.6395	115.433	235.45525	56.44975	448.78355	"TCA"	"blood"
6	"CBldNAT"	0.0108797	0.0058601225	0.01982165	0.00159124575	0.065621505	"NAcTCVC"	"blood"
6	"CBldTCVC"	0.002628775	0.001422555	0.0048334275	0.000399940825	0.0149716425	"TCVC"	"blood"
6	"CBldTCVG"	0.002956505	0.001900875	0.004494495	0.000682690975	0.00952171899999999	"TCVG"	"blood"
6	"CKid"	48.1682	31.7473	69.323825	12.9156975	131.963075	"Perc"	"kidney"
6	"CKidNAT"	0.009048405	0.005237195	0.015452925	0.0016076645	0.0410246649999999	"NAcTCVC"	"kidney"
6	"CKidTCA"	57.14935	36.523075	89.232925	14.78429	196.7669	"TCA"	"kidney"
6	"CKidTCVC"	0.0179622	0.01080615	0.029144125	0.00359013875	0.0679549024999999	"TCVC"	"kidney"
6	"CKidTCVG"	0.00926522	0.0055441	0.015069675	0.00186358325	0.035746305	"TCVG"	"kidney"
6	"CLiv"	54.2373	34.4292	82.6432	12.2126	165.476975	"Perc"	"liver"
6	"CLivNAT"	0.02620515	0.0133827	0.049337525	0.00337784025	0.17646455	"NAcTCVC"	"liver"
6	"CLivTCA"	96.2297	62.325925	145.033	26.90805	311.734775	"TCA"	"liver"
6	"CLivTCVC"	0.0006294345	0.000280823	0.0014737475	5.649568e-05	0.00758626525	"TCVC"	"liver"
6	"CLivTCVG"	0.0369879	0.022169775	0.06019625	0.00734096	0.1452848	"TCVG"	"liver"
6	"CPlasTCA"	173.4925	122.6925	245.81125	59.8925675	459.6179	"TCA"	"blood"
7	"CBldNAT"	0.00948279	0.0051203425	0.01737515	0.00140482775	0.0574278749999999	"NAcTCVC"	"blood"
7	"CBldTCVC"	0.00230128	0.0012380625	0.0042632075	0.000346304625	0.0132801175	"TCVC"	"blood"
7	"CBldTCVG"	0.002590905	0.00165685	0.0039263675	0.000593915475	0.008351478	"TCVG"	"blood"
7	"CKid"	42.42985	27.8887	61.2436	11.01453	114.649125	"Perc"	"kidney"
7	"CKidNAT"	0.00793645	0.004584035	0.01359585	0.0014661015	0.0363085925	"NAcTCVC"	"kidney"
7	"CKidTCA"	59.404	38.12605	91.96985	15.8299225	200.129175	"TCA"	"kidney"
7	"CKidTCVC"	0.0157769	0.009496595	0.025483925	0.003075668	0.0580584474999999	"TCVC"	"kidney"
7	"CKidTCVG"	0.008174885	0.00484571	0.01311315	0.00166369925	0.0311413475	"TCVG"	"kidney"
7	"CLiv"	47.15225	30.2844	71.90125	10.4577375	144.850225	"Perc"	"liver"
7	"CLivNAT"	0.02294785	0.01165575	0.043579975	0.00299193475	0.1576686	"NAcTCVC"	"liver"
7	"CLivTCA"	99.59665	64.92735	148.77725	28.2725775	313.2154	"TCA"	"liver"
7	"CLivTCVC"	0.0005530765	0.00024399925	0.001283925	4.7696575e-05	0.006597886	"TCVC"	"liver"
7	"CLivTCVG"	0.0322102	0.019323825	0.052890125	0.006523914	0.126365225	"TCVG"	"liver"
7	"CPlasTCA"	179.2755	127.00175	253.672	62.898825	464.88995	"TCA"	"blood"
8	"CBldNAT"	0.008209265	0.0044749975	0.015273375	0.00120286675	0.0507582525	"NAcTCVC"	"blood"
8	"CBldTCVC"	0.00200626	0.001091155	0.00370732	0.00029728205	0.01163443	"TCVC"	"blood"
8	"CBldTCVG"	0.002278315	0.001447305	0.0034174475	0.000509657725	0.00729069399999999	"TCVG"	"blood"
8	"CKid"	37.2056	24.779225	53.978075	9.171741	101.090925	"Perc"	"kidney"
8	"CKidNAT"	0.006910315	0.0040430875	0.0119328	0.00122512725	0.031824915	"NAcTCVC"	"kidney"
8	"CKidTCA"	60.84805	39.299075	94.158425	16.1480975	200.736575	"TCA"	"kidney"
8	"CKidTCVC"	0.01383725	0.0082682625	0.02225545	0.00266854375	0.05105092	"TCVC"	"kidney"
8	"CKidTCVG"	0.00716787	0.0042722275	0.011496	0.0014290335	0.0271520325	"TCVG"	"kidney"
8	"CLiv"	41.23385	26.57965	63.073525	8.6198475	126.803275	"Perc"	"liver"
8	"CLivNAT"	0.02011045	0.0101323	0.03836355	0.0026438165	0.14067685	"NAcTCVC"	"liver"
8	"CLivTCA"	101.637	66.896675	151.1065	29.39222	310.0898	"TCA"	"liver"
8	"CLivTCVC"	0.00048832	0.00021483225	0.0011230325	4.116671e-05	0.00573882324999998	"TCVC"	"liver"
8	"CLivTCVG"	0.02825635	0.017005325	0.045967775	0.00544331275	0.10980405	"TCVG"	"liver"
8	"CPlasTCA"	182.774	129.7715	256.51375	64.79837	463.565325	"TCA"	"blood"
9	"CBldNAT"	0.0072383	0.003873575	0.01339255	0.00104725475	0.0435258624999998	"NAcTCVC"	"blood"
9	"CBldTCVC"	0.001755165	0.000948169	0.0032391925	0.00025681035	0.010204865	"TCVC"	"blood"
9	"CBldTCVG"	0.001989585	0.0012718375	0.0029980775	0.00042127995	0.0064342105	"TCVG"	"blood"
9	"CKid"	32.47255	21.659	47.23695	7.42386	88.9785225	"Perc"	"kidney"
9	"CKidNAT"	0.006084555	0.0034850225	0.010414175	0.001050287	0.0283118974999999	"NAcTCVC"	"kidney"
9	"CKidTCA"	61.4659	39.96395	95.028425	16.6413575	197.7313	"TCA"	"kidney"
9	"CKidTCVC"	0.0121345	0.007257405	0.019554625	0.00226412425	0.0445821225	"TCVC"	"kidney"
9	"CKidTCVG"	0.0062885	0.0037424175	0.0100131	0.00119601925	0.0238443974999999	"TCVG"	"kidney"
9	"CLiv"	35.96485	23.2077	55.971725	7.31478775	110.6028	"Perc"	"liver"
9	"CLivNAT"	0.01744915	0.0088472775	0.033674775	0.002240265	0.1240741	"NAcTCVC"	"liver"
9	"CLivTCA"	102.3755	67.545075	151.92525	29.77553	306.781775	"TCA"	"liver"
9	"CLivTCVC"	0.000425899	0.000186059	0.00097894125	3.5245845e-05	0.00501413099999999	"TCVC"	"liver"
9	"CLivTCVG"	0.0248884	0.014782975	0.0402046	0.00457658125	0.09690734	"TCVG"	"liver"
9	"CPlasTCA"	184.593	130.45375	257.5485	65.745775	466.104	"TCA"	"blood"
10	"CBldNAT"	0.006349475	0.0033590875	0.0117437	0.00084735655	0.0393297	"NAcTCVC"	"blood"
10	"CBldTCVC"	0.001546005	0.000835557	0.0028575275	0.000222883075	0.00898150274999999	"TCVC"	"blood"
10	"CBldTCVG"	0.001743545	0.0011040325	0.0026329975	0.000344160325	0.0057221595	"TCVG"	"blood"
10	"CKid"	28.4308	18.919825	41.720525	6.1099775	80.40882	"Perc"	"kidney"
10	"CKidNAT"	0.00529883	0.003022435	0.0092010875	0.000887642525	0.0249795399999999	"NAcTCVC"	"kidney"
10	"CKidTCA"	61.5118	39.994	94.22095	17.0081875	195.793675	"TCA"	"kidney"
10	"CKidTCVC"	0.01062255	0.0062740425	0.01711975	0.0017973765	0.0396313625	"TCVC"	"kidney"
10	"CKidTCVG"	0.00548448	0.0032461275	0.00880221	0.000961846025	0.02138045	"TCVG"	"kidney"
10	"CLiv"	31.5808	20.02625	49.234325	5.98898125	99.0839749999998	"Perc"	"liver"
10	"CLivNAT"	0.01523345	0.00771894	0.029769275	0.001843551	0.112206725	"NAcTCVC"	"liver"
10	"CLivTCA"	102.4625	67.400625	151.192	29.989495	298.0925	"TCA"	"liver"
10	"CLivTCVC"	0.0003701065	0.0001614705	0.000863771	2.8595105e-05	0.00450639	"TCVC"	"liver"
10	"CLivTCVG"	0.0217465	0.01296885	0.035203175	0.00367681725	0.0853500325	"TCVG"	"liver"
10	"CPlasTCA"	184.311	130.24425	256.1495	66.2201975	460.154625	"TCA"	"blood"
11	"CBldNAT"	0.005530895	0.0029252075	0.01029035	0.000706945325	0.0353832599999999	"NAcTCVC"	"blood"
11	"CBldTCVC"	0.00135024	0.00071669525	0.0025146275	0.0001710416	0.0078757375	"TCVC"	"blood"
11	"CBldTCVG"	0.001541995	0.000961986	0.00232687	0.000272647975	0.005131535	"TCVG"	"blood"
11	"CKid"	25.04325	16.3676	36.930975	4.83885	71.9441125	"Perc"	"kidney"
11	"CKidNAT"	0.00467092	0.002652385	0.0080728575	0.0006884453	0.02230759	"NAcTCVC"	"kidney"
11	"CKidTCA"	61.14925	39.91565	92.780025	17.07042	192.180375	"TCA"	"kidney"
11	"CKidTCVC"	0.00931508	0.005465755	0.0150467	0.001439784	0.0349243325	"TCVC"	"kidney"
11	"CKidTCVG"	0.00476936	0.00283058	0.0078447625	0.000766067525	0.0186235175	"TCVG"	"kidney"
11	"CLiv"	27.58685	17.28965	43.1345	4.718672	87.74913	"Perc"	"liver"
11	"CLivNAT"	0.01334395	0.00671642	0.026007075	0.00144303925	0.0993157949999998	"NAcTCVC"	"liver"
11	"CLivTCA"	101.545	66.897675	149.1345	30.1708775	286.8642	"TCA"	"liver"
11	"CLivTCVC"	0.000323011	0.00014100325	0.000750936	2.351571e-05	0.00400850949999999	"TCVC"	"liver"
11	"CLivTCVG"	0.0188986	0.01123965	0.030940125	0.00309787275	0.07530948	"TCVG"	"liver"
11	"CPlasTCA"	182.964	129.8405	253.189	66.1959275	452.35375	"TCA"	"blood"
12	"CBldNAT"	0.004832065	0.0025243	0.009065175	0.0005812394	0.0312684924999999	"NAcTCVC"	"blood"
12	"CBldTCVC"	0.001184635	0.00061233725	0.0021849825	0.0001243556	0.00692042499999999	"TCVC"	"blood"
12	"CBldTCVG"	0.00134375	0.000836536	0.00205484	0.00021453615	0.004600601	"TCVG"	"blood"
12	"CKid"	21.979	14.195525	32.8463	3.6321885	64.760835	"Perc"	"kidney"
12	"CKidNAT"	0.004066695	0.002259555	0.00709023	0.0005499002	0.019625145	"NAcTCVC"	"kidney"
12	"CKidTCA"	60.19105	39.440775	91.060375	17.040465	187.98105	"TCA"	"kidney"
12	"CKidTCVC"	0.008192875	0.0047343025	0.013186975	0.00113763575	0.0313481875	"TCVC"	"kidney"
12	"CKidTCVG"	0.004187495	0.002441805	0.006868975	0.000588888925	0.016286355	"TCVG"	"kidney"
12	"CLiv"	24.17995	14.9059	38.19525	3.647037	78.40994	"Perc"	"liver"
12	"CLivNAT"	0.01162795	0.0057863875	0.0226842	0.001205823	0.0877195575	"NAcTCVC"	"liver"
12	"CLivTCA"	99.83405	65.902575	146.6105	29.66618	279.617475	"TCA"	"liver"
12	"CLivTCVC"	0.000280688	0.00012145775	0.00066667775	1.86904425e-05	0.00346876099999999	"TCVC"	"liver"
12	"CLivTCVG"	0.0166367	0.0096808675	0.027360425	0.00233640925	0.0664756349999999	"TCVG"	"liver"
12	"CPlasTCA"	180.7095	127.75775	249.41175	65.5590875	442.695975	"TCA"	"blood"
13	"CBldNAT"	0.004239085	0.00219956	0.0080845725	0.0004601365	0.0281404725	"NAcTCVC"	"blood"
13	"CBldTCVC"	0.001037775	0.000527064	0.001911755	9.5128185e-05	0.00612162675	"TCVC"	"blood"
13	"CBldTCVG"	0.00118009	0.00071503575	0.00182211	0.00016056325	0.0040988865	"TCVG"	"blood"
13	"CKid"	19.28635	12.36665	29.19205	2.71298275	57.638505	"Perc"	"kidney"
13	"CKidNAT"	0.00356106	0.001938605	0.006274385	0.00043203825	0.0176751325	"NAcTCVC"	"kidney"
13	"CKidTCA"	58.94	38.644375	88.784375	16.8107	183.91825	"TCA"	"kidney"
13	"CKidTCVC"	0.00717857	0.0040738025	0.011681625	0.000859129975	0.0281141	"TCVC"	"kidney"
13	"CKidTCVG"	0.00368196	0.0020872775	0.00605553	0.000464859675	0.0144293075	"TCVG"	"kidney"
13	"CLiv"	21.3326	12.874425	33.783125	2.528897	71.10051	"Perc"	"liver"
13	"CLivNAT"	0.01017545	0.0049912975	0.0200236	0.00091603375	0.077901505	"NAcTCVC"	"liver"
13	"CLivTCA"	97.8184	64.578075	143.10525	28.846565	270.96565	"TCA"	"liver"
13	"CLivTCVC"	0.0002451535	0.00010333875	0.00058607125	1.554111e-05	0.00303617474999999	"TCVC"	"liver"
13	"CLivTCVG"	0.01463025	0.0082952275	0.0245029	0.0017215925	0.0588144424999999	"TCVG"	"liver"
13	"CPlasTCA"	177.7645	124.75125	245.753	64.5077625	431.895474999999	"TCA"	"blood"
14	"CBldNAT"	0.003730065	0.00188172	0.007130165	0.000335985175	0.0248237649999999	"NAcTCVC"	"blood"
14	"CBldTCVC"	0.000912196	0.00045276725	0.001673945	7.12276875e-05	0.0054992695	"TCVC"	"blood"
14	"CBldTCVG"	0.00104208	0.00061607175	0.00162514	0.00011256595	0.00365206875	"TCVG"	"blood"
14	"CKid"	17.0329	10.5486	26.114	1.92528875	51.6225649999999	"Perc"	"kidney"
14	"CKidNAT"	0.00313688	0.00168242	0.0055468525	0.00032334695	0.01567391	"NAcTCVC"	"kidney"
14	"CKidTCA"	57.13695	37.9074	85.93825	16.405205	178.663975	"TCA"	"kidney"
14	"CKidTCVC"	0.00626781	0.003520435	0.01039385	0.00064213435	0.025059415	"TCVC"	"kidney"
14	"CKidTCVG"	0.00323902	0.0017871425	0.0054145875	0.000328029875	0.0127684125	"TCVG"	"kidney"
14	"CLiv"	18.7334	11.0131	30.04665	1.760826	63.9511649999999	"Perc"	"liver"
14	"CLivNAT"	0.0089	0.00428544	0.01758435	0.0006615796	0.0677105199999999	"NAcTCVC"	"liver"
14	"CLivTCA"	95.3863	62.756725	138.957	28.1254675	260.0181	"TCA"	"liver"
14	"CLivTCVC"	0.0002129295	8.7802475e-05	0.000511167	1.22155675e-05	0.002671155	"TCVC"	"liver"
14	"CLivTCVG"	0.0128136	0.00708013	0.021612575	0.00126982675	0.0517112775	"TCVG"	"liver"
14	"CPlasTCA"	174.3185	122.2115	239.98925	63.3699825	422.9757	"TCA"	"blood"
15	"CBldNAT"	0.003283355	0.001608685	0.0062890575	0.000244582975	0.022055825	"NAcTCVC"	"blood"
15	"CBldTCVC"	0.0007934595	0.00038600675	0.0014913625	5.51163925e-05	0.00501262525	"TCVC"	"blood"
15	"CBldTCVG"	0.000915329	0.00052612575	0.001440195	7.58208525e-05	0.00325075199999999	"TCVG"	"blood"
15	"CKid"	15.0138	8.983645	23.148275	1.2713245	46.5747975	"Perc"	"kidney"
15	"CKidNAT"	0.002740675	0.001444505	0.00491843	0.000235147925	0.0138405425	"NAcTCVC"	"kidney"
15	"CKidTCA"	55.66255	36.761775	82.842825	15.8801475	173.467725	"TCA"	"kidney"
15	"CKidTCVC"	0.0055097	0.00301262	0.0092587775	0.0004643504	0.0222122	"TCVC"	"kidney"
15	"CKidTCVG"	0.002830855	0.00152658	0.0047838025	0.000237212725	0.0116430125	"TCVG"	"kidney"
15	"CLiv"	16.43995	9.3304	26.643075	1.22312575	58.559155	"Perc"	"liver"
15	"CLivNAT"	0.00780584	0.0036395475	0.015707725	0.00047520485	0.0587188825	"NAcTCVC"	"liver"
15	"CLivTCA"	92.41205	61.1574	134.67575	27.35386	250.193925	"TCA"	"liver"
15	"CLivTCVC"	0.000187149	7.528295e-05	0.00044900525	9.82966875e-06	0.00242221325	"TCVC"	"liver"
15	"CLivTCVG"	0.0112426	0.006107585	0.01905065	0.000871537125	0.0460746225	"TCVG"	"liver"
15	"CPlasTCA"	170.635	119.337	234.778	61.1278725	412.151325	"TCA"	"blood"
16	"CBldNAT"	0.00286365	0.0013805525	0.0055749475	0.0001656623	0.019461805	"NAcTCVC"	"blood"
16	"CBldTCVC"	0.000696924	0.00033086125	0.0013245575	3.87392525e-05	0.00446257524999999	"TCVC"	"blood"
16	"CBldTCVG"	0.0008064565	0.0004478165	0.00128086	5.33543175e-05	0.00293172225	"TCVG"	"blood"
16	"CKid"	13.3056	7.6551175	20.845425	0.8768177	42.47057	"Perc"	"kidney"
16	"CKidNAT"	0.002414435	0.00124743	0.00440338	0.000161974	0.0122838575	"NAcTCVC"	"kidney"
16	"CKidTCA"	53.6608	35.424675	79.956375	15.2158975	168.43785	"TCA"	"kidney"
16	"CKidTCVC"	0.0048097	0.0025495025	0.00823221	0.0003330294	0.0201482825	"TCVC"	"kidney"
16	"CKidTCVG"	0.00249837	0.00130531	0.004277815	0.0001705516	0.0103737075	"TCVG"	"kidney"
16	"CLiv"	14.48005	8.056625	23.911325	0.84358905	53.65796	"Perc"	"liver"
16	"CLivNAT"	0.00677822	0.0031359375	0.013827275	0.000361247025	0.051956575	"NAcTCVC"	"liver"
16	"CLivTCA"	89.1294	59.12425	129.9865	26.1902875	241.0509	"TCA"	"liver"
16	"CLivTCVC"	0.0001624365	6.4555675e-05	0.00039324525	6.988173e-06	0.00219501575	"TCVC"	"liver"
16	"CLivTCVG"	0.00992943	0.0051827575	0.016935425	0.000611697775	0.04172006	"TCVG"	"liver"
16	"CPlasTCA"	166.5735	115.737	228.08675	58.8454475	403.29285	"TCA"	"blood"
17	"CBldNAT"	0.00249112	0.0011920725	0.0049464625	0.00011536815	0.0174639125	"NAcTCVC"	"blood"
17	"CBldTCVC"	0.0006098825	0.00028019775	0.0011734275	2.76369825e-05	0.00405647849999999	"TCVC"	"blood"
17	"CBldTCVG"	0.0007152805	0.00037471475	0.0011445725	3.75376825e-05	0.00265205575	"TCVG"	"blood"
17	"CKid"	11.82545	6.474685	18.701325	0.586098525	38.6195975	"Perc"	"kidney"
17	"CKidNAT"	0.002105315	0.0010624675	0.0039195025	0.000108171475	0.0111344225	"NAcTCVC"	"kidney"
17	"CKidTCA"	51.79925	34.12485	77.500425	14.7158675	163.274625	"TCA"	"kidney"
17	"CKidTCVC"	0.004218505	0.002176805	0.0072659825	0.00022376055	0.0185169725	"TCVC"	"kidney"
17	"CKidTCVG"	0.00220347	0.00110878	0.00380017	0.000115653775	0.00958871724999997	"TCVG"	"kidney"
17	"CLiv"	12.67555	6.8074	21.442675	0.59117845	49.3721025	"Perc"	"liver"
17	"CLivNAT"	0.005988485	0.002703175	0.0123352	0.000273745575	0.046717145	"NAcTCVC"	"liver"
17	"CLivTCA"	86.4447	56.831125	125.38925	25.2676925	233.14685	"TCA"	"liver"
17	"CLivTCVC"	0.000142439	5.53282e-05	0.0003476135	5.252749e-06	0.00192757525	"TCVC"	"liver"
17	"CLivTCVG"	0.008733365	0.0043932275	0.015070475	0.000440340175	0.0382557025	"TCVG"	"liver"
17	"CPlasTCA"	161.6195	112.448	222.38375	56.1921625	395.063625	"TCA"	"blood"
18	"CBldNAT"	0.00217308	0.0010087225	0.0044416925	7.7505775e-05	0.01615027	"NAcTCVC"	"blood"
18	"CBldTCVC"	0.000531424	0.000241807	0.0010440675	1.979843e-05	0.0036789675	"TCVC"	"blood"
18	"CBldTCVG"	0.0006319655	0.00031894375	0.001026835	2.49932925e-05	0.00240711	"TCVG"	"blood"
18	"CKid"	10.415	5.49254	16.80065	0.416244925	35.5525475	"Perc"	"kidney"
18	"CKidNAT"	0.001861	0.00090015975	0.003470805	7.53869125e-05	0.00994830749999997	"NAcTCVC"	"kidney"
18	"CKidTCA"	50.01955	32.50525	74.82005	13.902995	156.134575	"TCA"	"kidney"
18	"CKidTCVC"	0.003719285	0.0018141825	0.006506565	0.000148987275	0.0167196025	"TCVC"	"kidney"
18	"CKidTCVG"	0.00193486	0.00094564575	0.0034130475	8.039491e-05	0.00877201775	"TCVG"	"kidney"
18	"CLiv"	11.17345	5.7521	19.397	0.40610365	45.3547475	"Perc"	"liver"
18	"CLivNAT"	0.005269235	0.0022908025	0.010951575	0.000195013875	0.04174223	"NAcTCVC"	"liver"
18	"CLivTCA"	83.59685	54.444225	120.8125	23.4673225	224.0177	"TCA"	"liver"
18	"CLivTCVC"	0.0001238865	4.7275925e-05	0.000310246	3.716765e-06	0.00175440675	"TCVC"	"liver"
18	"CLivTCVG"	0.007741595	0.0036609925	0.013444875	0.00029336	0.03468317	"TCVG"	"liver"
18	"CPlasTCA"	156.6575	108.3905	217.06925	52.724685	384.6981	"TCA"	"blood"
19	"CBldNAT"	0.00191302	0.0008508155	0.0039859625	5.4629715e-05	0.014545155	"NAcTCVC"	"blood"
19	"CBldTCVC"	0.0004643155	0.00020441475	0.000938048	1.3677715e-05	0.00330553825	"TCVC"	"blood"
19	"CBldTCVG"	0.000556942	0.0002678815	0.00092820375	1.71893475e-05	0.002205052	"TCVG"	"blood"
19	"CKid"	9.207725	4.65403	15.153	0.2849576	32.7068525	"Perc"	"kidney"
19	"CKidNAT"	0.00163704	0.0007641075	0.00308847	5.126003e-05	0.0089377595	"NAcTCVC"	"kidney"
19	"CKidTCA"	47.99135	31.181825	72.1429	13.062795	150.304175	"TCA"	"kidney"
19	"CKidTCVC"	0.003288025	0.0015223925	0.0058677275	0.00010153195	0.0154104625	"TCVC"	"kidney"
19	"CKidTCVG"	0.001691815	0.00080793925	0.0030401175	5.3309905e-05	0.00795037499999998	"TCVG"	"kidney"
19	"CLiv"	9.938165	4.7731475	17.482725	0.281968925	41.3723775	"Perc"	"liver"
19	"CLivNAT"	0.004638985	0.001955585	0.0097785675	0.000130577175	0.0376946774999999	"NAcTCVC"	"liver"
19	"CLivTCA"	80.50035	51.8852	116.30675	21.88211	212.47605	"TCA"	"liver"
19	"CLivTCVC"	0.000107772	3.9877075e-05	0.00027713325	2.72574925e-06	0.001566923	"TCVC"	"liver"
19	"CLivTCVG"	0.00679644	0.0031159925	0.011932075	0.00020302505	0.0314674575	"TCVG"	"liver"
19	"CPlasTCA"	151.7565	104.2785	210.799	49.81843	378.30325	"TCA"	"blood"
20	"CBldNAT"	0.00169085	0.00071709975	0.0035401825	3.869432e-05	0.0130342275	"NAcTCVC"	"blood"
20	"CBldTCVC"	0.000409942	0.00017235375	0.0008387885	9.5319385e-06	0.00294172149999998	"TCVC"	"blood"
20	"CBldTCVG"	0.0004895435	0.00022207125	0.0008352275	1.17703825e-05	0.0020279265	"TCVG"	"blood"
20	"CKid"	8.112015	3.8994325	13.665925	0.20166495	29.9151625	"Perc"	"kidney"
20	"CKidNAT"	0.001436305	0.00064716225	0.002759165	3.4738195e-05	0.00806883799999999	"NAcTCVC"	"kidney"
20	"CKidTCA"	45.9817	29.55395	69.074975	12.04358	145.671125	"TCA"	"kidney"
20	"CKidTCVC"	0.00290026	0.001283455	0.0052567075	7.0792055e-05	0.0142495924999999	"TCVC"	"kidney"
20	"CKidTCVG"	0.001489735	0.00068716475	0.0027039975	3.52105625e-05	0.007368152	"TCVG"	"kidney"
20	"CLiv"	8.78633	3.9789425	15.79485	0.1926346	38.1281075	"Perc"	"liver"
20	"CLivNAT"	0.00405299	0.0016585925	0.00873805	8.5853315e-05	0.0345782874999999	"NAcTCVC"	"liver"
20	"CLivTCA"	76.5294	49.413525	111.29925	20.5852625	203.701	"TCA"	"liver"
20	"CLivTCVC"	9.53234e-05	3.3868925e-05	0.00024674625	1.84910025e-06	0.00139267575	"TCVC"	"liver"
20	"CLivTCVG"	0.005943485	0.00265936	0.010672425	0.0001372399	0.0289143075	"TCVG"	"liver"
20	"CPlasTCA"	145.907	100.583	204.67175	46.779775	365.275325	"TCA"	"blood"
21	"CBldNAT"	0.00148891	0.00060636225	0.0031582	2.75426575e-05	0.01178662	"NAcTCVC"	"blood"
21	"CBldTCVC"	0.000363079	0.00014530475	0.0007541465	6.68443825e-06	0.00272102725	"TCVC"	"blood"
21	"CBldTCVG"	0.0004309025	0.0001871785	0.00075661775	7.96971375e-06	0.00184346375	"TCVG"	"blood"
21	"CKid"	7.14781	3.244105	12.286725	0.14086755	27.4595	"Perc"	"kidney"
21	"CKidNAT"	0.001263905	0.0005501755	0.0024977175	2.4511355e-05	0.00731848474999998	"NAcTCVC"	"kidney"
21	"CKidTCA"	43.7761	27.86715	66.204625	11.00232	139.136975	"TCA"	"kidney"
21	"CKidTCVC"	0.00254826	0.0010833875	0.0047226225	4.99272375e-05	0.01307114	"TCVC"	"kidney"
21	"CKidTCVG"	0.00131229	0.000576971	0.0024331475	2.5563655e-05	0.00677352275	"TCVG"	"kidney"
21	"CLiv"	7.79449	3.3415575	14.289325	0.1320623	35.483065	"Perc"	"liver"
21	"CLivNAT"	0.0035633	0.00138878	0.0077575175	5.67892725e-05	0.0310920425	"NAcTCVC"	"liver"
21	"CLivTCA"	73.01695	46.890625	107.05175	19.018065	197.229225	"TCA"	"liver"
21	"CLivTCVC"	8.33195e-05	2.88994e-05	0.0002176175	1.318562e-06	0.0012685585	"TCVC"	"liver"
21	"CLivTCVG"	0.005260235	0.0022242125	0.009637205	9.5855155e-05	0.0260729925	"TCVG"	"liver"
21	"CPlasTCA"	140.515	96.342775	198.1785	42.5000425	354.7293	"TCA"	"blood"
22	"CBldNAT"	0.001312105	0.000513387	0.0028384725	1.88294525e-05	0.0106592075	"NAcTCVC"	"blood"
22	"CBldTCVC"	0.0003192265	0.0001226095	0.00067454075	4.6259915e-06	0.0025076415	"TCVC"	"blood"
22	"CBldTCVG"	0.000381405	0.00015898075	0.000681606	5.59974075e-06	0.00168667575	"TCVG"	"blood"
22	"CKid"	6.303605	2.7056225	11.192025	0.096631955	25.0913625	"Perc"	"kidney"
22	"CKidNAT"	0.001112585	0.0004589685	0.0022690725	1.6351035e-05	0.00669873975	"NAcTCVC"	"kidney"
22	"CKidTCA"	41.6175	26.498225	63.4187	10.057181	133.52915	"TCA"	"kidney"
22	"CKidTCVC"	0.002247055	0.000903527	0.0042506725	3.469817e-05	0.01194932	"TCVC"	"kidney"
22	"CKidTCVG"	0.00115073	0.0004820865	0.002203925	1.68580975e-05	0.00623565275	"TCVG"	"kidney"
22	"CLiv"	6.86138	2.7936	12.8889	0.0933793725	32.8408275	"Perc"	"liver"
22	"CLivNAT"	0.003134335	0.001154855	0.006957	3.937714e-05	0.028271185	"NAcTCVC"	"liver"
22	"CLivTCA"	69.51145	44.376225	102.77275	17.2512875	189.263225	"TCA"	"liver"
22	"CLivTCVC"	7.28965e-05	2.46712e-05	0.0001903905	9.070953e-07	0.00114979125	"TCVC"	"liver"
22	"CLivTCVG"	0.004658475	0.00187964	0.0086879725	6.7270685e-05	0.023895525	"TCVG"	"liver"
22	"CPlasTCA"	134.96	92.105025	191.2155	39.3794325	344.365075	"TCA"	"blood"
23	"CBldNAT"	0.001151565	0.000434663	0.002551325	1.31396775e-05	0.00988875699999997	"NAcTCVC"	"blood"
23	"CBldTCVC"	0.0002825035	0.00010378525	0.0006054855	3.33510125e-06	0.00228782474999998	"TCVC"	"blood"
23	"CBldTCVG"	0.0003366725	0.00013254475	0.00061758625	3.78746625e-06	0.00154330475	"TCVG"	"blood"
23	"CKid"	5.53693	2.23528	10.204525	0.0650799025	23.13241	"Perc"	"kidney"
23	"CKidNAT"	0.0009855445	0.0003847605	0.00203224	1.0947015e-05	0.00618308475	"NAcTCVC"	"kidney"
23	"CKidTCA"	39.61665	25.029275	60.521225	9.0343655	127.21935	"TCA"	"kidney"
23	"CKidTCVC"	0.002009885	0.00076383	0.0038609275	2.57254475e-05	0.0109372425	"TCVC"	"kidney"
23	"CKidTCVG"	0.0010124	0.000406417	0.0019986925	1.20897475e-05	0.00566356325	"TCVG"	"kidney"
23	"CLiv"	6.079255	2.325	11.612025	0.0650556125	30.1876425	"Perc"	"liver"
23	"CLivNAT"	0.00277057	0.000981515	0.006229745	2.69077775e-05	0.02598278	"NAcTCVC"	"liver"
23	"CLivTCA"	65.95055	41.9394	98.43215	15.2191725	181.838375	"TCA"	"liver"
23	"CLivTCVC"	6.32544e-05	2.08418e-05	0.00016859925	6.5433175e-07	0.00104645775	"TCVC"	"liver"
23	"CLivTCVG"	0.00412468	0.0015714975	0.007847155	4.366294e-05	0.02201505	"TCVG"	"liver"
23	"CPlasTCA"	130.018	88.4533	185.87225	35.3334225	334.276425	"TCA"	"blood"
24	"CBldNAT"	0.001021305	0.0003695695	0.0022866475	8.71692925e-06	0.00890317349999999	"NAcTCVC"	"blood"
24	"CBldTCVC"	0.000248574	8.7887125e-05	0.0005448445	2.27832875e-06	0.00211750899999999	"TCVC"	"blood"
24	"CBldTCVG"	0.000298134	0.000111126	0.00056172875	2.57976225e-06	0.00143367725	"TCVG"	"blood"
24	"CKid"	4.921335	1.8441925	9.2593125	0.044997075	21.4346075	"Perc"	"kidney"
24	"CKidNAT"	0.00086994	0.000325967	0.001827755	7.50601075e-06	0.00566875324999999	"NAcTCVC"	"kidney"
24	"CKidTCA"	37.62875	23.62805	57.87475	8.0895075	122.007625	"TCA"	"kidney"
24	"CKidTCVC"	0.001768685	0.000639131	0.00349049	1.79946975e-05	0.0101524875	"TCVC"	"kidney"
24	"CKidTCVG"	0.000886952	0.0003389075	0.00182155	8.35149925e-06	0.005211598	"TCVG"	"kidney"
24	"CLiv"	5.335825	1.94486	10.489875	0.04703197	28.1177075	"Perc"	"liver"
24	"CLivNAT"	0.0024288	0.00083424275	0.005600445	1.95639625e-05	0.0236108799999999	"NAcTCVC"	"liver"
24	"CLivTCA"	62.73605	39.65535	93.9066	13.78907	176.25085	"TCA"	"liver"
24	"CLivTCVC"	5.536325e-05	1.7534725e-05	0.00015038375	4.714312e-07	0.000953005224999999	"TCVC"	"liver"
24	"CLivTCVG"	0.00366471	0.0013201925	0.00707713	3.06096225e-05	0.020462165	"TCVG"	"liver"
24	"CPlasTCA"	124.9845	84.156575	179.72375	32.54542	324.352475	"TCA"	"blood"
25	"CBldNAT"	0.0009068575	0.000314582	0.00207151	6.2357755e-06	0.00813106849999998	"NAcTCVC"	"blood"
25	"CBldTCVC"	0.00022183	7.2554475e-05	0.00049170475	1.493052e-06	0.001955827	"TCVC"	"blood"
25	"CBldTCVG"	0.000262591	9.2746325e-05	0.000510501	1.75834025e-06	0.00132300125	"TCVG"	"blood"
25	"CKid"	4.37739	1.5515275	8.4460625	0.03185139	20.0253	"Perc"	"kidney"
25	"CKidNAT"	0.0007697885	0.00027692725	0.001655105	5.381208e-06	0.005232349	"NAcTCVC"	"kidney"
25	"CKidTCA"	35.54845	22.274975	55.585525	6.96725	118.79705	"TCA"	"kidney"
25	"CKidTCVC"	0.001564475	0.000541644	0.003159145	1.2944765e-05	0.00935865624999999	"TCVC"	"kidney"
25	"CKidTCVG"	0.0007920515	0.0002877835	0.0016637825	5.748364e-06	0.00467349774999997	"TCVG"	"kidney"
25	"CLiv"	4.682805	1.6170325	9.4544475	0.0334728475	26.2309699999999	"Perc"	"liver"
25	"CLivNAT"	0.002163405	0.00070444275	0.005051255	1.3844445e-05	0.0216479925	"NAcTCVC"	"liver"
25	"CLivTCA"	59.75195	37.17385	89.547575	12.3612625	169.8217	"TCA"	"liver"
25	"CLivTCVC"	4.865535e-05	1.4980925e-05	0.00013559225	3.46941325e-07	0.000877145499999999	"TCVC"	"liver"
25	"CLivTCVG"	0.003224335	0.0011013375	0.006475575	2.16341075e-05	0.019074925	"TCVG"	"liver"
25	"CPlasTCA"	120.4	79.92675	173.167	29.2333175	315.92445	"TCA"	"blood"
